[debug] [2020-01-27T22:22:30.496Z] ----------------------------------------------------------------------
[debug] [2020-01-27T22:22:30.500Z] Command:       C:\Program Files\nodejs\node.exe C:\Users\Junjiro\AppData\Roaming\npm\node_modules\firebase-tools\lib\bin\firebase.js init
[debug] [2020-01-27T22:22:30.500Z] CLI Version:   7.12.1
[debug] [2020-01-27T22:22:30.500Z] Platform:      win32
[debug] [2020-01-27T22:22:30.500Z] Node Version:  v12.13.1
[debug] [2020-01-27T22:22:30.502Z] Time:          Mon Jan 27 2020 17:22:30 GMT-0500 (GMT-05:00)
[debug] [2020-01-27T22:22:30.502Z] ----------------------------------------------------------------------
[debug] [2020-01-27T22:22:30.502Z] 
[debug] [2020-01-27T22:22:30.522Z] > command requires scopes: ["email","openid","https://www.googleapis.com/auth/cloudplatformprojects.readonly","https://www.googleapis.com/auth/firebase","https://www.googleapis.com/auth/cloud-platform"]
[debug] [2020-01-27T22:22:30.522Z] > authorizing via signed-in user
[info] 
     ######## #### ########  ######## ########     ###     ######  ########
     ##        ##  ##     ## ##       ##     ##  ##   ##  ##       ##
     ######    ##  ########  ######   ########  #########  ######  ######
     ##        ##  ##    ##  ##       ##     ## ##     ##       ## ##
     ##       #### ##     ## ######## ########  ##     ##  ######  ########

You're about to initialize a Firebase project in this directory:

  C:\Users\Junjiro\Documents\Meraki\soft-rest

[info] 
=== Project Setup
[info] 
[info] First, let's associate this project directory with a Firebase project.
[info] You can create multiple project aliases by running firebase use --add, 
[info] but for now we'll just set up a default project.
[info] 
[debug] [2020-01-27T22:23:19.862Z] > refreshing access token with scopes: ["email","https://www.googleapis.com/auth/cloud-platform","https://www.googleapis.com/auth/cloudplatformprojects.readonly","https://www.googleapis.com/auth/firebase","openid"]
[debug] [2020-01-27T22:23:19.863Z] >>> HTTP REQUEST POST https://www.googleapis.com/oauth2/v3/token  
 <request body omitted>
[debug] [2020-01-27T22:23:20.356Z] <<< HTTP RESPONSE 200
[debug] [2020-01-27T22:23:20.421Z] >>> HTTP REQUEST GET https://firebase.googleapis.com/v1beta1/projects?pageSize=100  
 
[debug] [2020-01-27T22:23:21.269Z] <<< HTTP RESPONSE 200
[info] i  Using project ms-soft-rest (ms-soft-rest)
[info] 
=== Firestore Setup
[debug] [2020-01-27T22:23:25.726Z] > command requires scopes: ["email","openid","https://www.googleapis.com/auth/cloudplatformprojects.readonly","https://www.googleapis.com/auth/firebase","https://www.googleapis.com/auth/cloud-platform"]
[debug] [2020-01-27T22:23:25.727Z] > authorizing via signed-in user
[debug] [2020-01-27T22:23:25.727Z] [iam] checking project ms-soft-rest for permissions ["firebase.projects.get"]
[debug] [2020-01-27T22:23:25.727Z] >>> HTTP REQUEST POST https://cloudresourcemanager.googleapis.com/v1/projects/ms-soft-rest:testIamPermissions  

[debug] [2020-01-27T22:23:26.387Z] <<< HTTP RESPONSE 200
[info] 
[info] Firestore Security Rules allow you to define how and when to allow
[info] requests. You can keep these rules in your project directory
[info] and publish them with firebase deploy.
[info] 
